# SEGGER J-Link RTT Viewer V6.44e Terminal Log File
# Compiled: 16:19:49 on Apr  5 2019
# Logging started @  8 Jan 2020 19: 4:44
<00> info> app: Temp:19.12C
<00> info> app: Temp:19.15C
<00> info> app: Temp:19.20C
<00> info> app: Temp:19.24C
<00> info> app: Temp:19.26C
<00> info> app: Temp:19.28C
<00> info> app: Temp:19.28C
<00> info> app: Temp:19.28C
<00> info> app: Temp:19.28C
<00> info> app: Temp:19.28C
<00> info> app: Temp:19.28C
<00> info> app: Temp:19.28C
<00> info> app: Temp:19.35C
<00> info> app: Temp:19.42C
<00> info> app: Temp:19.48C
<00> info> app: Temp:19.53C
<00> info> app: Temp:19.57C
<00> info> app: Temp:19.60C
<00> info> app: Temp:19.63C
<00> info> app: Temp:19.64C
<00> info> app: Temp:19.64C
<00> info> app: Temp:19.64C
<00> info> app: Temp:19.64C
<00> info> app: Temp:19.64C
<00> info> app: Temp:19.64C
<00> info> app: Temp:19.64C
<00> info> app: Temp:19.64C
<00> info> app: Temp:20.17C
<00> info> app: Temp:21.20C
<00> info> app: Temp:22.58C
<00> info> app: Temp:24.25C
<00> info> app: Temp:26.12C
<00> info> app: Temp:27.60C
<00> info> app: Temp:28.29C
<00> info> app: Temp:28.55C
<00> info> app: Temp:28.70C
<00> info> app: Temp:28.76C
<00> info> app: Temp:28.76C
<00> info> app: Temp:28.76C
<00> info> app: Temp:28.76C
<00> info> app: Temp:28.76C
<00> info> app: Temp:28.76C
<00> info> app: Temp:30.13C
<00> info> app: Temp:30.92C
<00> info> app: Temp:31.45C
<00> info> app: Temp:31.88C
<00> info> app: Temp:32.22C
<00> info> app: Temp:32.49C
<00> info> app: Temp:32.64C
<00> info> app: Temp:32.71C
<00> info> app: Temp:32.75C
<00> info> app: Temp:32.77C
<00> info> app: Temp:32.77C
<00> info> app: Temp:32.77C
<00> info> app: Temp:32.77C
<00> info> app: Temp:32.77C
<00> info> app: Temp:32.77C
<00> info> app: Temp:33.09C
<00> info> app: Temp:33.32C
<00> info> app: Temp:33.50C
<00> info> app: Temp:33.66C
<00> info> app: Temp:33.81C
<00> info> app: Temp:33.93C
<00> info> app: Temp:34.00C
<00> info> app: Temp:34.03C
<00> info> app: Temp:34.06C
<00> info> app: Temp:34.07C
<00> info> app: Temp:34.07C
<00> info> app: Temp:34.07C
<00> info> app: Temp:34.07C
<00> info> app: Temp:34.07C
<00> info> app: Temp:34.07C
<00> info> app: Temp:34.21C
<00> info> app: Temp:34.32C
<00> info> app: Temp:34.42C
<00> info> app: Temp:34.50C
<00> info> app: Temp:34.58C
<00> info> app: Temp:34.66C
<00> info> app: Temp:34.71C
<00> info> app: Temp:34.73C
<00> info> app: Temp:34.75C
<00> info> app: Temp:34.75C
<00> info> app: Temp:34.75C
<00> info> app: Temp:34.75C
<00> info> app: Temp:34.75C
<00> info> app: Temp:34.75C
<00> info> app: Temp:34.75C
<00> info> app: Temp:34.85C
<00> info> app: Temp:34.92C
<00> info> app: Temp:34.99C
<00> info> app: Temp:35.05C
<00> info> app: Temp:35.10C
<00> info> app: Temp:35.15C
<00> info> app: Temp:35.18C
<00> info> app: Temp:35.20C
<00> info> app: Temp:35.21C
<00> info> app: Temp:35.21C
<00> info> app: Temp:35.21C
<00> info> app: Temp:35.21C
<00> info> app: Temp:35.21C
<00> info> app: Temp:35.21C
<00> info> app: Temp:35.21C
<00> info> app: Temp:35.27C
<00> info> app: Temp:35.32C
<00> info> app: Temp:35.36C
<00> info> app: Temp:35.40C
<00> info> app: Temp:35.44C
<00> info> app: Temp:35.48C
<00> info> app: Temp:35.50C
<00> info> app: Temp:35.51C
<00> info> app: Temp:35.52C
<00> info> app: Temp:35.52C
<00> info> app: Temp:35.52C
<00> info> app: Temp:35.52C
<00> info> app: Temp:35.52C
<00> info> app: Temp:35.52C
<00> info> app: Temp:35.52C
<00> info> app: Temp:35.57C
<00> info> app: Temp:35.60C
<00> info> app: Temp:35.63C
<00> info> app: Temp:35.63C
<00> info> app: Temp:35.63C
<00> info> app: Temp:35.62C

# Logging stopped @  8 Jan 2020 19:13: 2
